This is pdfTeX, Version 3.14159265-2.6-1.40.19 (MiKTeX 2.9.6700) (preloaded format=pdflatex 2018.6.28)  29 JUN 2018 15:39
entering extended mode
**./Sessione.tex
(Sessione.tex
LaTeX2e <2018-04-01> patch level 5

("/Users/monacosimone/Library/Application Support/MiKTeX/texmfs/install/tex/lat
ex/base/book.cls"
Document Class: book 2014/09/29 v1.4h Standard LaTeX document class

("/Users/monacosimone/Library/Application Support/MiKTeX/texmfs/install/tex/lat
ex/base/bk12.clo"
File: bk12.clo 2014/09/29 v1.4h Standard LaTeX file (size option)
)
\c@part=\count80
\c@chapter=\count81
\c@section=\count82
\c@subsection=\count83
\c@subsubsection=\count84
\c@paragraph=\count85
\c@subparagraph=\count86
\c@figure=\count87
\c@table=\count88
\abovecaptionskip=\skip41
\belowcaptionskip=\skip42
\bibindent=\dimen102
)
("/Users/monacosimone/Library/Application Support/MiKTeX/texmfs/install/tex/lat
ex/base/inputenc.sty"
Package: inputenc 2018/04/06 v1.3b Input encoding file
\inpenc@prehook=\toks14
\inpenc@posthook=\toks15
)
("/Users/monacosimone/Library/Application Support/MiKTeX/texmfs/install/tex/gen
eric/babel/babel.sty"
Package: babel 2018/06/05 3.22 The Babel package

("/Users/monacosimone/Library/Application Support/MiKTeX/texmfs/install/tex/gen
eric/babel/switch.def"
File: switch.def 2018/06/05 3.22 Babel switching mechanism
)
*************************************
* Local config file bblopts.cfg used
*

("/Users/monacosimone/Library/Application Support/MiKTeX/texmfs/install/tex/lat
ex/arabi/bblopts.cfg"
File: bblopts.cfg 2005/09/08 v0.1 add Arabic and Farsi to "declared" options of
 babel
)
("/Users/monacosimone/Library/Application Support/MiKTeX/texmfs/install/tex/lat
ex/babel-italian/italian.ldf"
Language: italian 2015/03/26 v1.3n Italian support from the babel system

("/Users/monacosimone/Library/Application Support/MiKTeX/texmfs/install/tex/gen
eric/babel/babel.def"
File: babel.def 2018/06/05 3.22 Babel common definitions
\babel@savecnt=\count89
\U@D=\dimen103

("/Users/monacosimone/Library/Application Support/MiKTeX/texmfs/install/tex/gen
eric/babel/txtbabel.def")
\bbl@dirlevel=\count90
)
\it@lettering=\count91
\it@doublequoteactive=\count92
\it@ISOcompliance=\count93
))
("/Users/monacosimone/Library/Application Support/MiKTeX/texmfs/install/tex/lat
ex/etoolbox/etoolbox.sty"
Package: etoolbox 2018/02/11 v2.5e e-TeX tools for LaTeX (JAW)
\etb@tempcnta=\count94
)
("/Users/monacosimone/Library/Application Support/MiKTeX/texmfs/install/tex/lat
ex/graphics/graphicx.sty"
Package: graphicx 2017/06/01 v1.1a Enhanced LaTeX Graphics (DPC,SPQR)

("/Users/monacosimone/Library/Application Support/MiKTeX/texmfs/install/tex/lat
ex/graphics/keyval.sty"
Package: keyval 2014/10/28 v1.15 key=value parser (DPC)
\KV@toks@=\toks16
)
("/Users/monacosimone/Library/Application Support/MiKTeX/texmfs/install/tex/lat
ex/graphics/graphics.sty"
Package: graphics 2017/06/25 v1.2c Standard LaTeX Graphics (DPC,SPQR)

("/Users/monacosimone/Library/Application Support/MiKTeX/texmfs/install/tex/lat
ex/graphics/trig.sty"
Package: trig 2016/01/03 v1.10 sin cos tan (DPC)
)
("/Users/monacosimone/Library/Application Support/MiKTeX/texmfs/install/tex/lat
ex/graphics-cfg/graphics.cfg"
File: graphics.cfg 2016/06/04 v1.11 sample graphics configuration
)
Package graphics Info: Driver file: pdftex.def on input line 99.

("/Users/monacosimone/Library/Application Support/MiKTeX/texmfs/install/tex/lat
ex/graphics-def/pdftex.def"
File: pdftex.def 2018/01/08 v1.0l Graphics/color driver for pdftex
))
\Gin@req@height=\dimen104
\Gin@req@width=\dimen105
)
("/Users/monacosimone/Library/Application Support/MiKTeX/texmfs/install/tex/lat
ex/geometry/geometry.sty"
Package: geometry 2018/04/16 v5.8 Page Geometry

("/Users/monacosimone/Library/Application Support/MiKTeX/texmfs/install/tex/gen
eric/oberdiek/ifpdf.sty"
Package: ifpdf 2017/03/15 v3.2 Provides the ifpdf switch
)
("/Users/monacosimone/Library/Application Support/MiKTeX/texmfs/install/tex/gen
eric/oberdiek/ifvtex.sty"
Package: ifvtex 2016/05/16 v1.6 Detect VTeX and its facilities (HO)
Package ifvtex Info: VTeX not detected.
)
("/Users/monacosimone/Library/Application Support/MiKTeX/texmfs/install/tex/gen
eric/ifxetex/ifxetex.sty"
Package: ifxetex 2010/09/12 v0.6 Provides ifxetex conditional
)
\Gm@cnth=\count95
\Gm@cntv=\count96
\c@Gm@tempcnt=\count97
\Gm@bindingoffset=\dimen106
\Gm@wd@mp=\dimen107
\Gm@odd@mp=\dimen108
\Gm@even@mp=\dimen109
\Gm@layoutwidth=\dimen110
\Gm@layoutheight=\dimen111
\Gm@layouthoffset=\dimen112
\Gm@layoutvoffset=\dimen113
\Gm@dimlist=\toks17

("/Users/monacosimone/Library/Application Support/MiKTeX/texmfs/install/tex/lat
ex/geometry/geometry.cfg"))
("/Users/monacosimone/Library/Application Support/MiKTeX/texmfs/install/tex/lat
ex/setspace/setspace.sty"
Package: setspace 2011/12/19 v6.7a set line spacing
)
("/Users/monacosimone/Library/Application Support/MiKTeX/texmfs/install/tex/lat
ex/sectsty/sectsty.sty"
Package: sectsty 2002/02/25 v2.0.2 Commands to change all sectional heading sty
les
)
("/Users/monacosimone/Library/Application Support/MiKTeX/texmfs/install/tex/lat
ex/graphics/color.sty"
Package: color 2016/07/10 v1.1e Standard LaTeX Color (DPC)

("/Users/monacosimone/Library/Application Support/MiKTeX/texmfs/install/tex/lat
ex/graphics-cfg/color.cfg"
File: color.cfg 2016/01/02 v1.6 sample color configuration
)
Package color Info: Driver file: pdftex.def on input line 147.
)
("/Users/monacosimone/Library/Application Support/MiKTeX/texmfs/install/tex/lat
ex/amsfonts/amssymb.sty"
Package: amssymb 2013/01/14 v3.01 AMS font symbols

("/Users/monacosimone/Library/Application Support/MiKTeX/texmfs/install/tex/lat
ex/amsfonts/amsfonts.sty"
Package: amsfonts 2013/01/14 v3.01 Basic AMSFonts support
\@emptytoks=\toks18
\symAMSa=\mathgroup4
\symAMSb=\mathgroup5
LaTeX Font Info:    Overwriting math alphabet `\mathfrak' in version `bold'
(Font)                  U/euf/m/n --> U/euf/b/n on input line 106.
))
("/Users/monacosimone/Library/Application Support/MiKTeX/texmfs/install/tex/lat
ex/lipsum/lipsum.sty"
Package: lipsum 2014/07/27 v1.3 150 paragraphs of Lorem Ipsum dummy text
\c@lips@count=\count98
)
("/Users/monacosimone/Library/Application Support/MiKTeX/texmfs/install/tex/lat
ex/hyperref/hyperref.sty"
Package: hyperref 2018/02/06 v6.86b Hypertext links for LaTeX

("/Users/monacosimone/Library/Application Support/MiKTeX/texmfs/install/tex/gen
eric/oberdiek/hobsub-hyperref.sty"
Package: hobsub-hyperref 2016/05/16 v1.14 Bundle oberdiek, subset hyperref (HO)


("/Users/monacosimone/Library/Application Support/MiKTeX/texmfs/install/tex/gen
eric/oberdiek/hobsub-generic.sty"
Package: hobsub-generic 2016/05/16 v1.14 Bundle oberdiek, subset generic (HO)
Package: hobsub 2016/05/16 v1.14 Construct package bundles (HO)
Package: infwarerr 2016/05/16 v1.4 Providing info/warning/error messages (HO)
Package: ltxcmds 2016/05/16 v1.23 LaTeX kernel commands for general use (HO)
Package: ifluatex 2016/05/16 v1.4 Provides the ifluatex switch (HO)
Package ifluatex Info: LuaTeX not detected.
Package hobsub Info: Skipping package `ifvtex' (already loaded).
Package: intcalc 2016/05/16 v1.2 Expandable calculations with integers (HO)
Package hobsub Info: Skipping package `ifpdf' (already loaded).
Package: etexcmds 2016/05/16 v1.6 Avoid name clashes with e-TeX commands (HO)
Package etexcmds Info: Could not find \expanded.
(etexcmds)             That can mean that you are not using pdfTeX 1.50 or
(etexcmds)             that some package has redefined \expanded.
(etexcmds)             In the latter case, load this package earlier.
Package: kvsetkeys 2016/05/16 v1.17 Key value parser (HO)
Package: kvdefinekeys 2016/05/16 v1.4 Define keys (HO)
Package: pdftexcmds 2018/01/30 v0.27 Utility functions of pdfTeX for LuaTeX (HO
)
Package pdftexcmds Info: LuaTeX not detected.
Package pdftexcmds Info: \pdf@primitive is available.
Package pdftexcmds Info: \pdf@ifprimitive is available.
Package pdftexcmds Info: \pdfdraftmode found.
Package: pdfescape 2016/05/16 v1.14 Implements pdfTeX's escape features (HO)
Package: bigintcalc 2016/05/16 v1.4 Expandable calculations on big integers (HO
)
Package: bitset 2016/05/16 v1.2 Handle bit-vector datatype (HO)
Package: uniquecounter 2016/05/16 v1.3 Provide unlimited unique counter (HO)
)
Package hobsub Info: Skipping package `hobsub' (already loaded).
Package: letltxmacro 2016/05/16 v1.5 Let assignment for LaTeX macros (HO)
Package: hopatch 2016/05/16 v1.3 Wrapper for package hooks (HO)
Package: xcolor-patch 2016/05/16 xcolor patch
Package: atveryend 2016/05/16 v1.9 Hooks at the very end of document (HO)
Package: atbegshi 2016/06/09 v1.18 At begin shipout hook (HO)
Package: refcount 2016/05/16 v3.5 Data extraction from label references (HO)
Package: hycolor 2016/05/16 v1.8 Color options for hyperref/bookmark (HO)
)
("/Users/monacosimone/Library/Application Support/MiKTeX/texmfs/install/tex/lat
ex/oberdiek/auxhook.sty"
Package: auxhook 2016/05/16 v1.4 Hooks for auxiliary files (HO)
)
("/Users/monacosimone/Library/Application Support/MiKTeX/texmfs/install/tex/lat
ex/oberdiek/kvoptions.sty"
Package: kvoptions 2016/05/16 v3.12 Key value format for package options (HO)
)
\@linkdim=\dimen114
\Hy@linkcounter=\count99
\Hy@pagecounter=\count100

("/Users/monacosimone/Library/Application Support/MiKTeX/texmfs/install/tex/lat
ex/hyperref/pd1enc.def"
File: pd1enc.def 2018/02/06 v6.86b Hyperref: PDFDocEncoding definition (HO)
Now handling font encoding PD1 ...
... no UTF-8 mapping file for font encoding PD1
)
\Hy@SavedSpaceFactor=\count101

("/Users/monacosimone/Library/Application Support/MiKTeX/texmfs/install/tex/lat
ex/00miktex/hyperref.cfg"
File: hyperref.cfg 2002/06/06 v1.2 hyperref configuration of TeXLive
)
Package hyperref Info: Hyper figures OFF on input line 4509.
Package hyperref Info: Link nesting OFF on input line 4514.
Package hyperref Info: Hyper index ON on input line 4517.
Package hyperref Info: Plain pages OFF on input line 4524.
Package hyperref Info: Backreferencing OFF on input line 4529.
Package hyperref Info: Implicit mode ON; LaTeX internals redefined.
Package hyperref Info: Bookmarks ON on input line 4762.
\c@Hy@tempcnt=\count102

("/Users/monacosimone/Library/Application Support/MiKTeX/texmfs/install/tex/lat
ex/url/url.sty"
\Urlmuskip=\muskip10
Package: url 2013/09/16  ver 3.4  Verb mode for urls, etc.
)
LaTeX Info: Redefining \url on input line 5115.
\XeTeXLinkMargin=\dimen115
\Fld@menulength=\count103
\Field@Width=\dimen116
\Fld@charsize=\dimen117
Package hyperref Info: Hyper figures OFF on input line 6369.
Package hyperref Info: Link nesting OFF on input line 6374.
Package hyperref Info: Hyper index ON on input line 6377.
Package hyperref Info: backreferencing OFF on input line 6384.
Package hyperref Info: Link coloring OFF on input line 6389.
Package hyperref Info: Link coloring with OCG OFF on input line 6394.
Package hyperref Info: PDF/A mode OFF on input line 6399.
LaTeX Info: Redefining \ref on input line 6439.
LaTeX Info: Redefining \pageref on input line 6443.
\Hy@abspage=\count104
\c@Item=\count105
\c@Hfootnote=\count106
)
Package hyperref Info: Driver (autodetected): hpdftex.

("/Users/monacosimone/Library/Application Support/MiKTeX/texmfs/install/tex/lat
ex/hyperref/hpdftex.def"
File: hpdftex.def 2018/02/06 v6.86b Hyperref driver for pdfTeX
\Fld@listcount=\count107
\c@bookmark@seq@number=\count108

("/Users/monacosimone/Library/Application Support/MiKTeX/texmfs/install/tex/lat
ex/oberdiek/rerunfilecheck.sty"
Package: rerunfilecheck 2016/05/16 v1.8 Rerun checks for auxiliary files (HO)
Package uniquecounter Info: New unique counter `rerunfilecheck' on input line 2
82.
)
\Hy@SectionHShift=\skip43
)
("/Users/monacosimone/Library/Application Support/MiKTeX/texmfs/install/tex/lat
ex/tools/afterpage.sty"
Package: afterpage 2014/10/28 v1.08 After-Page Package (DPC)
\AP@output=\toks19
\AP@partial=\box26
\AP@footins=\box27
)
("/Users/monacosimone/Library/Application Support/MiKTeX/texmfs/install/tex/lat
ex/base/fontenc.sty"
Package: fontenc 2017/04/05 v2.0i Standard LaTeX package

("/Users/monacosimone/Library/Application Support/MiKTeX/texmfs/install/tex/lat
ex/base/t1enc.def"
File: t1enc.def 2017/04/05 v2.0i Standard LaTeX file
LaTeX Font Info:    Redeclaring font encoding T1 on input line 48.
))
("/Users/monacosimone/Library/Application Support/MiKTeX/texmfs/install/tex/lat
ex/aurical/aurical.sty"
Package: aurical 2006/10/12 aurical - a set of three decorative fonts with acce
nts
)
("/Users/monacosimone/Library/Application Support/MiKTeX/texmfs/install/tex/lat
ex/merriweather/merriweather.sty"
Package: merriweather 2014/01/22 (Bob Tennent) Supports Merriweather(Sans) font
s for all LaTeX engines. 

("/Users/monacosimone/Library/Application Support/MiKTeX/texmfs/install/tex/lat
ex/base/textcomp.sty"
Package: textcomp 2017/04/05 v2.0i Standard LaTeX package
Package textcomp Info: Sub-encoding information:
(textcomp)               5 = only ISO-Adobe without \textcurrency
(textcomp)               4 = 5 + \texteuro
(textcomp)               3 = 4 + \textohm
(textcomp)               2 = 3 + \textestimated + \textcurrency
(textcomp)               1 = TS1 - \textcircled - \t
(textcomp)               0 = TS1 (full)
(textcomp)             Font families with sub-encoding setting implement
(textcomp)             only a restricted character set as indicated.
(textcomp)             Family '?' is the default used for unknown fonts.
(textcomp)             See the documentation for details.
Package textcomp Info: Setting ? sub-encoding to TS1/1 on input line 79.

("/Users/monacosimone/Library/Application Support/MiKTeX/texmfs/install/tex/lat
ex/base/ts1enc.def"
File: ts1enc.def 2001/06/05 v3.0e (jk/car/fm) Standard LaTeX file
Now handling font encoding TS1 ...
... processing UTF-8 mapping file for font encoding TS1

("/Users/monacosimone/Library/Application Support/MiKTeX/texmfs/install/tex/lat
ex/base/ts1enc.dfu"
File: ts1enc.dfu 2018/04/05 v1.2c UTF-8 support for inputenc
   defining Unicode char U+00A2 (decimal 162)
   defining Unicode char U+00A3 (decimal 163)
   defining Unicode char U+00A4 (decimal 164)
   defining Unicode char U+00A5 (decimal 165)
   defining Unicode char U+00A6 (decimal 166)
   defining Unicode char U+00A7 (decimal 167)
   defining Unicode char U+00A8 (decimal 168)
   defining Unicode char U+00A9 (decimal 169)
   defining Unicode char U+00AA (decimal 170)
   defining Unicode char U+00AC (decimal 172)
   defining Unicode char U+00AE (decimal 174)
   defining Unicode char U+00AF (decimal 175)
   defining Unicode char U+00B0 (decimal 176)
   defining Unicode char U+00B1 (decimal 177)
   defining Unicode char U+00B2 (decimal 178)
   defining Unicode char U+00B3 (decimal 179)
   defining Unicode char U+00B4 (decimal 180)
   defining Unicode char U+00B5 (decimal 181)
   defining Unicode char U+00B6 (decimal 182)
   defining Unicode char U+00B7 (decimal 183)
   defining Unicode char U+00B9 (decimal 185)
   defining Unicode char U+00BA (decimal 186)
   defining Unicode char U+00BC (decimal 188)
   defining Unicode char U+00BD (decimal 189)
   defining Unicode char U+00BE (decimal 190)
   defining Unicode char U+00D7 (decimal 215)
   defining Unicode char U+00F7 (decimal 247)
   defining Unicode char U+0192 (decimal 402)
   defining Unicode char U+02C7 (decimal 711)
   defining Unicode char U+02D8 (decimal 728)
   defining Unicode char U+02DD (decimal 733)
   defining Unicode char U+0E3F (decimal 3647)
   defining Unicode char U+2016 (decimal 8214)
   defining Unicode char U+2020 (decimal 8224)
   defining Unicode char U+2021 (decimal 8225)
   defining Unicode char U+2022 (decimal 8226)
   defining Unicode char U+2030 (decimal 8240)
   defining Unicode char U+2031 (decimal 8241)
   defining Unicode char U+203B (decimal 8251)
   defining Unicode char U+203D (decimal 8253)
   defining Unicode char U+2044 (decimal 8260)
   defining Unicode char U+204E (decimal 8270)
   defining Unicode char U+2052 (decimal 8274)
   defining Unicode char U+20A1 (decimal 8353)
   defining Unicode char U+20A4 (decimal 8356)
   defining Unicode char U+20A6 (decimal 8358)
   defining Unicode char U+20A9 (decimal 8361)
   defining Unicode char U+20AB (decimal 8363)
   defining Unicode char U+20AC (decimal 8364)
   defining Unicode char U+20B1 (decimal 8369)
   defining Unicode char U+2103 (decimal 8451)
   defining Unicode char U+2116 (decimal 8470)
   defining Unicode char U+2117 (decimal 8471)
   defining Unicode char U+211E (decimal 8478)
   defining Unicode char U+2120 (decimal 8480)
   defining Unicode char U+2122 (decimal 8482)
   defining Unicode char U+2126 (decimal 8486)
   defining Unicode char U+2127 (decimal 8487)
   defining Unicode char U+212E (decimal 8494)
   defining Unicode char U+2190 (decimal 8592)
   defining Unicode char U+2191 (decimal 8593)
   defining Unicode char U+2192 (decimal 8594)
   defining Unicode char U+2193 (decimal 8595)
   defining Unicode char U+2329 (decimal 9001)
   defining Unicode char U+232A (decimal 9002)
   defining Unicode char U+2422 (decimal 9250)
   defining Unicode char U+25E6 (decimal 9702)
   defining Unicode char U+25EF (decimal 9711)
   defining Unicode char U+266A (decimal 9834)
   defining Unicode char U+FEFF (decimal 65279)
))
LaTeX Info: Redefining \oldstylenums on input line 334.
Package textcomp Info: Setting cmr sub-encoding to TS1/0 on input line 349.
Package textcomp Info: Setting cmss sub-encoding to TS1/0 on input line 350.
Package textcomp Info: Setting cmtt sub-encoding to TS1/0 on input line 351.
Package textcomp Info: Setting cmvtt sub-encoding to TS1/0 on input line 352.
Package textcomp Info: Setting cmbr sub-encoding to TS1/0 on input line 353.
Package textcomp Info: Setting cmtl sub-encoding to TS1/0 on input line 354.
Package textcomp Info: Setting ccr sub-encoding to TS1/0 on input line 355.
Package textcomp Info: Setting ptm sub-encoding to TS1/4 on input line 356.
Package textcomp Info: Setting pcr sub-encoding to TS1/4 on input line 357.
Package textcomp Info: Setting phv sub-encoding to TS1/4 on input line 358.
Package textcomp Info: Setting ppl sub-encoding to TS1/3 on input line 359.
Package textcomp Info: Setting pag sub-encoding to TS1/4 on input line 360.
Package textcomp Info: Setting pbk sub-encoding to TS1/4 on input line 361.
Package textcomp Info: Setting pnc sub-encoding to TS1/4 on input line 362.
Package textcomp Info: Setting pzc sub-encoding to TS1/4 on input line 363.
Package textcomp Info: Setting bch sub-encoding to TS1/4 on input line 364.
Package textcomp Info: Setting put sub-encoding to TS1/5 on input line 365.
Package textcomp Info: Setting uag sub-encoding to TS1/5 on input line 366.
Package textcomp Info: Setting ugq sub-encoding to TS1/5 on input line 367.
Package textcomp Info: Setting ul8 sub-encoding to TS1/4 on input line 368.
Package textcomp Info: Setting ul9 sub-encoding to TS1/4 on input line 369.
Package textcomp Info: Setting augie sub-encoding to TS1/5 on input line 370.
Package textcomp Info: Setting dayrom sub-encoding to TS1/3 on input line 371.
Package textcomp Info: Setting dayroms sub-encoding to TS1/3 on input line 372.

Package textcomp Info: Setting pxr sub-encoding to TS1/0 on input line 373.
Package textcomp Info: Setting pxss sub-encoding to TS1/0 on input line 374.
Package textcomp Info: Setting pxtt sub-encoding to TS1/0 on input line 375.
Package textcomp Info: Setting txr sub-encoding to TS1/0 on input line 376.
Package textcomp Info: Setting txss sub-encoding to TS1/0 on input line 377.
Package textcomp Info: Setting txtt sub-encoding to TS1/0 on input line 378.
Package textcomp Info: Setting lmr sub-encoding to TS1/0 on input line 379.
Package textcomp Info: Setting lmdh sub-encoding to TS1/0 on input line 380.
Package textcomp Info: Setting lmss sub-encoding to TS1/0 on input line 381.
Package textcomp Info: Setting lmssq sub-encoding to TS1/0 on input line 382.
Package textcomp Info: Setting lmvtt sub-encoding to TS1/0 on input line 383.
Package textcomp Info: Setting lmtt sub-encoding to TS1/0 on input line 384.
Package textcomp Info: Setting qhv sub-encoding to TS1/0 on input line 385.
Package textcomp Info: Setting qag sub-encoding to TS1/0 on input line 386.
Package textcomp Info: Setting qbk sub-encoding to TS1/0 on input line 387.
Package textcomp Info: Setting qcr sub-encoding to TS1/0 on input line 388.
Package textcomp Info: Setting qcs sub-encoding to TS1/0 on input line 389.
Package textcomp Info: Setting qpl sub-encoding to TS1/0 on input line 390.
Package textcomp Info: Setting qtm sub-encoding to TS1/0 on input line 391.
Package textcomp Info: Setting qzc sub-encoding to TS1/0 on input line 392.
Package textcomp Info: Setting qhvc sub-encoding to TS1/0 on input line 393.
Package textcomp Info: Setting futs sub-encoding to TS1/4 on input line 394.
Package textcomp Info: Setting futx sub-encoding to TS1/4 on input line 395.
Package textcomp Info: Setting futj sub-encoding to TS1/4 on input line 396.
Package textcomp Info: Setting hlh sub-encoding to TS1/3 on input line 397.
Package textcomp Info: Setting hls sub-encoding to TS1/3 on input line 398.
Package textcomp Info: Setting hlst sub-encoding to TS1/3 on input line 399.
Package textcomp Info: Setting hlct sub-encoding to TS1/5 on input line 400.
Package textcomp Info: Setting hlx sub-encoding to TS1/5 on input line 401.
Package textcomp Info: Setting hlce sub-encoding to TS1/5 on input line 402.
Package textcomp Info: Setting hlcn sub-encoding to TS1/5 on input line 403.
Package textcomp Info: Setting hlcw sub-encoding to TS1/5 on input line 404.
Package textcomp Info: Setting hlcf sub-encoding to TS1/5 on input line 405.
Package textcomp Info: Setting pplx sub-encoding to TS1/3 on input line 406.
Package textcomp Info: Setting pplj sub-encoding to TS1/3 on input line 407.
Package textcomp Info: Setting ptmx sub-encoding to TS1/4 on input line 408.
Package textcomp Info: Setting ptmj sub-encoding to TS1/4 on input line 409.
)
("/Users/monacosimone/Library/Application Support/MiKTeX/texmfs/install/tex/lat
ex/xkeyval/xkeyval.sty"
Package: xkeyval 2014/12/03 v2.7a package option processing (HA)

("/Users/monacosimone/Library/Application Support/MiKTeX/texmfs/install/tex/gen
eric/xkeyval/xkeyval.tex"
("/Users/monacosimone/Library/Application Support/MiKTeX/texmfs/install/tex/gen
eric/xkeyval/xkvutils.tex"
\XKV@toks=\toks20
\XKV@tempa@toks=\toks21
)
\XKV@depth=\count109
File: xkeyval.tex 2014/12/03 v2.7a key=value parser (HA)
))
("/Users/monacosimone/Library/Application Support/MiKTeX/texmfs/install/tex/lat
ex/base/fontenc.sty"
Package: fontenc 2017/04/05 v2.0i Standard LaTeX package
)
("/Users/monacosimone/Library/Application Support/MiKTeX/texmfs/install/tex/lat
ex/fontaxes/fontaxes.sty"
Package: fontaxes 2014/03/23 v1.0d Font selection axes
LaTeX Info: Redefining \upshape on input line 29.
LaTeX Info: Redefining \itshape on input line 31.
LaTeX Info: Redefining \slshape on input line 33.
LaTeX Info: Redefining \scshape on input line 37.
)
("/Users/monacosimone/Library/Application Support/MiKTeX/texmfs/install/tex/lat
ex/mweights/mweights.sty"
Package: mweights 2017/03/30 (Bob Tennent) Support package for multiple-weight 
font packages. 
LaTeX Info: Redefining \bfseries on input line 22.
LaTeX Info: Redefining \mdseries on input line 30.
LaTeX Info: Redefining \rmfamily on input line 38.
LaTeX Info: Redefining \sffamily on input line 66.
LaTeX Info: Redefining \ttfamily on input line 94.
))
("/Users/monacosimone/Library/Application Support/MiKTeX/texmfs/install/tex/lat
ex/fancyhdr/fancyhdr.sty"
Package: fancyhdr 2017/06/30 v3.9a Extensive control of page headers and footer
s
\f@nch@headwidth=\skip44
\f@nch@O@elh=\skip45
\f@nch@O@erh=\skip46
\f@nch@O@olh=\skip47
\f@nch@O@orh=\skip48
\f@nch@O@elf=\skip49
\f@nch@O@erf=\skip50
\f@nch@O@olf=\skip51
\f@nch@O@orf=\skip52
) (Sessione.aux (Introduzione/colophon.aux)
(Introduzione/guidalettura.aux) (Introduzione/luoghiintr.aux) (capitolo01.aux))
\openout1 = `Sessione.aux'.

LaTeX Font Info:    Checking defaults for OML/cmm/m/it on input line 44.
LaTeX Font Info:    ... okay on input line 44.
LaTeX Font Info:    Checking defaults for T1/cmr/m/n on input line 44.
LaTeX Font Info:    ... okay on input line 44.
LaTeX Font Info:    Checking defaults for OT1/cmr/m/n on input line 44.
LaTeX Font Info:    ... okay on input line 44.
LaTeX Font Info:    Checking defaults for OMS/cmsy/m/n on input line 44.
LaTeX Font Info:    ... okay on input line 44.
LaTeX Font Info:    Checking defaults for OMX/cmex/m/n on input line 44.
LaTeX Font Info:    ... okay on input line 44.
LaTeX Font Info:    Checking defaults for U/cmr/m/n on input line 44.
LaTeX Font Info:    ... okay on input line 44.
LaTeX Font Info:    Checking defaults for PD1/pdf/m/n on input line 44.
LaTeX Font Info:    ... okay on input line 44.
LaTeX Font Info:    Checking defaults for TS1/cmr/m/n on input line 44.
LaTeX Font Info:    Try loading font information for TS1+cmr on input line 44.

("/Users/monacosimone/Library/Application Support/MiKTeX/texmfs/install/tex/lat
ex/base/ts1cmr.fd"
File: ts1cmr.fd 2014/09/29 v2.5h Standard LaTeX font definitions
)
LaTeX Font Info:    ... okay on input line 44.
LaTeX Font Info:    Try loading font information for T1+Merriweather-OsF on inp
ut line 44.

("/Users/monacosimone/Library/Application Support/MiKTeX/texmfs/install/tex/lat
ex/merriweather/T1Merriweather-OsF.fd"
File: T1Merriweather-OsF.fd 2014/01/22 (autoinst) Font definitions for T1/Merri
weather-OsF.
)
LaTeX Font Info:    Font shape `T1/Merriweather-OsF/l/n' will be
(Font)              scaled to size 12.0pt on input line 44.
LaTeX Info: Redefining \it@ocap on input line 44.
LaTeX Info: Redefining \it@ccap on input line 44.

("/Users/monacosimone/Library/Application Support/MiKTeX/texmfs/install/tex/con
text/base/supp-pdf.mkii"
[Loading MPS to PDF converter (version 2006.09.02).]
\scratchcounter=\count110
\scratchdimen=\dimen118
\scratchbox=\box28
\nofMPsegments=\count111
\nofMParguments=\count112
\everyMPshowfont=\toks22
\MPscratchCnt=\count113
\MPscratchDim=\dimen119
\MPnumerator=\count114
\makeMPintoPDFobject=\count115
\everyMPtoPDFconversion=\toks23
)
("/Users/monacosimone/Library/Application Support/MiKTeX/texmfs/install/tex/lat
ex/oberdiek/epstopdf-base.sty"
Package: epstopdf-base 2016/05/15 v2.6 Base part for package epstopdf

("/Users/monacosimone/Library/Application Support/MiKTeX/texmfs/install/tex/lat
ex/oberdiek/grfext.sty"
Package: grfext 2016/05/16 v1.2 Manage graphics extensions (HO)
)
Package epstopdf-base Info: Redefining graphics rule for `.eps' on input line 4
38.
Package grfext Info: Graphics extension search list:
(grfext)             [.pdf,.png,.jpg,.mps,.jpeg,.jbig2,.jb2,.PDF,.PNG,.JPG,.JPE
G,.JBIG2,.JB2,.eps]
(grfext)             \AppendGraphicsExtensions on input line 456.
)
*geometry* driver: auto-detecting
*geometry* detected driver: pdftex
*geometry* verbose mode - [ preamble ] result:
* driver: pdftex
* paper: a4paper
* layout: <same size as paper>
* layoutoffset:(h,v)=(0.0pt,0.0pt)
* modes: 
* h-part:(L,W,R)=(89.62709pt, 418.25368pt, 89.6271pt)
* v-part:(T,H,B)=(101.40665pt, 591.5302pt, 152.11pt)
* \paperwidth=597.50787pt
* \paperheight=845.04684pt
* \textwidth=418.25368pt
* \textheight=591.5302pt
* \oddsidemargin=17.3571pt
* \evensidemargin=17.3571pt
* \topmargin=-2.73714pt
* \headheight=12.0pt
* \headsep=19.8738pt
* \topskip=12.0pt
* \footskip=30.0pt
* \marginparwidth=38.0pt
* \marginparsep=7.0pt
* \columnsep=10.0pt
* \skip\footins=10.8pt plus 4.0pt minus 2.0pt
* \hoffset=0.0pt
* \voffset=0.0pt
* \mag=1000
* \@twocolumnfalse
* \@twosidefalse
* \@mparswitchfalse
* \@reversemarginfalse
* (1in=72.27pt=25.4mm, 1cm=28.453pt)

\AtBeginShipoutBox=\box29
Package hyperref Info: Link coloring OFF on input line 44.

("/Users/monacosimone/Library/Application Support/MiKTeX/texmfs/install/tex/lat
ex/hyperref/nameref.sty"
Package: nameref 2016/05/21 v2.44 Cross-referencing by name of section

("/Users/monacosimone/Library/Application Support/MiKTeX/texmfs/install/tex/gen
eric/oberdiek/gettitlestring.sty"
Package: gettitlestring 2016/05/16 v1.5 Cleanup title references (HO)
)
\c@section@level=\count116
)
LaTeX Info: Redefining \ref on input line 44.
LaTeX Info: Redefining \pageref on input line 44.
LaTeX Info: Redefining \nameref on input line 44.
 (Sessione.out) (Sessione.out)
\@outlinefile=\write3
\openout3 = `Sessione.out'.

\c@mv@tabular=\count117
\c@mv@boldtabular=\count118
LaTeX Font Info:    Font shape `T1/Merriweather-OsF/l/n' will be
(Font)              scaled to size 20.74pt on input line 57.
LaTeX Font Info:    Try loading font information for T1+AuriocusKalligraphicus 
on input line 57.

("/Users/monacosimone/Library/Application Support/MiKTeX/texmfs/install/tex/lat
ex/aurical/T1AuriocusKalligraphicus.fd"
File: T1AuriocusKalligraphicus.fd 2006/01/01 font def. for AuriocusKalligraphic
us, a calligraphic font along the handwriting of auriocus
)

LaTeX Font Warning: Font shape `T1/AuriocusKalligraphicus/m/n' will be
(Font)              scaled to size 71.99982pt on input line 57.

LaTeX Font Info:    Font shape `T1/Merriweather-OsF/l/n' will be
(Font)              scaled to size 17.28pt on input line 57.
LaTeX Font Info:    Font shape `T1/Merriweather-OsF/b/n' will be
(Font)              scaled to size 17.28pt on input line 57.
LaTeX Font Info:    Font shape `T1/Merriweather-OsF/l/it' will be
(Font)              scaled to size 12.0pt on input line 57.
LaTeX Font Info:    Font shape `T1/Merriweather-OsF/l/n' will be
(Font)              scaled to size 14.4pt on input line 57.
LaTeX Font Info:    Try loading font information for U+msa on input line 57.

("/Users/monacosimone/Library/Application Support/MiKTeX/texmfs/install/tex/lat
ex/amsfonts/umsa.fd"
File: umsa.fd 2013/01/14 v3.01 AMS symbols A
)
LaTeX Font Info:    Try loading font information for U+msb on input line 57.

("/Users/monacosimone/Library/Application Support/MiKTeX/texmfs/install/tex/lat
ex/amsfonts/umsb.fd"
File: umsb.fd 2013/01/14 v3.01 AMS symbols B
) [1


{/Users/monacosimone/Library/Application Support/MiKTeX/texmfs/data/pdftex/conf
ig/pdftex.map}]
\openout2 = `Introduzione/colophon.aux'.

 (Introduzione/colophon.tex
LaTeX Font Info:    Font shape `T1/Merriweather-OsF/l/n' will be
(Font)              scaled to size 10.95pt on input line 5.
LaTeX Font Info:    Font shape `T1/Merriweather-OsF/l/n' will be
(Font)              scaled to size 8.0pt on input line 5.
LaTeX Font Info:    Font shape `T1/Merriweather-OsF/b/n' will be
(Font)              scaled to size 10.95pt on input line 6.
LaTeX Font Info:    Try loading font information for TS1+Merriweather-OsF on in
put line 15.

("/Users/monacosimone/Library/Application Support/MiKTeX/texmfs/install/tex/lat
ex/merriweather/TS1Merriweather-OsF.fd"
File: TS1Merriweather-OsF.fd 2014/01/22 (autoinst) Font definitions for TS1/Mer
riweather-OsF.
)
LaTeX Font Info:    Font shape `TS1/Merriweather-OsF/b/n' will be
(Font)              scaled to size 10.95pt on input line 15.
)pdfTeX warning (ext4): destination with the same identifier (name{page.1}) has
 been already used, duplicate ignored
<to be read again> 
                   \relax 
l.58 	\include{Introduzione/colophon}
                                      [1

]
LaTeX Font Info:    Font shape `T1/Merriweather-OsF/l/n' will be
(Font)              scaled to size 24.88pt on input line 61.
LaTeX Font Info:    Font shape `T1/Merriweather-OsF/b/n' will be
(Font)              scaled to size 24.88pt on input line 61.
 (Sessione.toc
LaTeX Font Info:    Font shape `T1/Merriweather-OsF/b/n' will be
(Font)              scaled to size 14.4pt on input line 3.
LaTeX Font Info:    Font shape `T1/Merriweather-OsF/b/n' will be
(Font)              scaled to size 12.0pt on input line 4.

Overfull \hbox (0.48355pt too wide) detected at line 19
 []\T1/Merriweather-OsF/l/n/12 xiii
 []

[1



])
\tf@toc=\write4
\openout4 = `Sessione.toc'.



Package Fancyhdr Warning: \headheight is too small (12.0pt): 
 Make it at least 14.49998pt.
 We now make it that large for the rest of the document.
 This may cause the page layout to be inconsistent, however.

[2] [3

]
\openout2 = `Introduzione/guidalettura.aux'.

 (Introduzione/guidalettura.tex
LaTeX Font Info:    Font shape `T1/Merriweather-OsF/b/it' will be
(Font)              scaled to size 12.0pt on input line 7.
) [4


]
\openout2 = `Introduzione/luoghiintr.aux'.

 (Introduzione/luoghiintr.tex
Underfull \hbox (badness 10000) in paragraph at lines 3--4

 []

[5



] [6] [7] [8] [9] [10]
Overfull \hbox (1.38713pt too wide) in paragraph at lines 99--99
\T1/Merriweather-OsF/l/it/12 Per \T1/Merriweather-OsF/b/it/12 spe-gne-re un in-
cen-dio \T1/Merriweather-OsF/l/it/12 è ne-ces-sa-rio get-ta-re sul-le fiam-me u
na gran-de quan-
 []

[11] [12] [13]
Overfull \hbox (1.28993pt too wide) in paragraph at lines 127--128
\T1/Merriweather-OsF/l/it/12 Una crea-tu-ra ac-ce-ca-ta può fa-re una pro-va di
 \T1/Merriweather-OsF/b/it/12 Per-ce-zio-ne \T1/Merriweather-OsF/l/it/12 ogni t
ur-no co-me azio-
 []

[14]
Underfull \hbox (badness 10000) in paragraph at lines 140--140

 []

[15]
Overfull \hbox (14.06487pt too wide) in paragraph at lines 140--140
[]\T1/Merriweather-OsF/l/it/12 Gran par-te dei dun-geon so-no ro-vi-ne di luo-g
hi ca-du-ti. Quan-
 []

) [16]pdfTeX warning (ext4): destination with the same identifier (name{page.1}
) has been already used, duplicate ignored
<to be read again> 
                   \relax 
l.68 		\part{La Storia}
                        [1



]
\openout2 = `capitolo01.aux'.

 (capitolo01.tex
Capitolo 1.
LaTeX Font Info:    Font shape `T1/Merriweather-OsF/l/n' will be
(Font)              scaled to size 10.0pt on input line 9.
LaTeX Font Info:    Font shape `T1/Merriweather-OsF/l/n' will be
(Font)              scaled to size 7.0pt on input line 9.
[2


] [3] [4] [5]
Underfull \hbox (badness 10000) in paragraph at lines 43--44

 []


Underfull \hbox (badness 10000) in paragraph at lines 43--44

 []


LaTeX Font Warning: Font shape `T1/AuriocusKalligraphicus/m/n' will be
(Font)              scaled to size 24.88794pt on input line 45.

) [6]
Package atveryend Info: Empty hook `BeforeClearDocument' on input line 71.
Package atveryend Info: Empty hook `AfterLastShipout' on input line 71.
 (Sessione.aux (Introduzione/colophon.aux) (Introduzione/guidalettura.aux) (Int
roduzione/luoghiintr.aux) (capitolo01.aux))
Package atveryend Info: Executing hook `AtVeryEndDocument' on input line 71.
Package atveryend Info: Executing hook `AtEndAfterFileList' on input line 71.
Package rerunfilecheck Info: File `Sessione.out' has not changed.
(rerunfilecheck)             Checksum: 09CF1436C220E3F3550701D6B6B7BDF0;1795.
 ) 
Here is how much of TeX's memory you used:
 8550 strings out of 492974
 132616 string characters out of 3117460
 325843 words of memory out of 3000000
 12161 multiletter control sequences out of 15000+200000
 26715 words of font info for 79 fonts, out of 3000000 for 9000
 1141 hyphenation exceptions out of 8191
 30i,11n,43p,1279b,526s stack positions out of 5000i,500n,10000p,200000b,50000s
{/Users/monacosimone/Library/Application Support/MiKTeX/texmfs/install/fonts/
enc/dvips/merriweather/mwth_jnnjab.enc}{/Users/monacosimone/Library/Application
 Support/MiKTeX/texmfs/install/fonts/enc/dvips/merriweather/mwth_ywgpba.enc}</U
sers/monacosimone/Library/Application Support/MiKTeX/texmfs/install/fonts/type1
/public/aurical/AuriocusKalligraphicus.pfb></Users/monacosimone/Library/Applica
tion Support/MiKTeX/texmfs/install/fonts/type1/sorkin/merriweather/Merriweather
-Bold.pfb></Users/monacosimone/Library/Application Support/MiKTeX/texmfs/instal
l/fonts/type1/sorkin/merriweather/Merriweather-BoldIt.pfb></Users/monacosimone/
Library/Application Support/MiKTeX/texmfs/install/fonts/type1/sorkin/merriweath
er/Merriweather-Light.pfb></Users/monacosimone/Library/Application Support/MiKT
eX/texmfs/install/fonts/type1/sorkin/merriweather/Merriweather-LightIt.pfb></Us
ers/monacosimone/Library/Application Support/MiKTeX/texmfs/install/fonts/type1/
public/amsfonts/cm/cmmi12.pfb></Users/monacosimone/Library/Application Support/
MiKTeX/texmfs/install/fonts/type1/public/amsfonts/cm/cmr12.pfb>
Output written on Sessione.pdf (24 pages, 197389 bytes).
PDF statistics:
 308 PDF objects out of 1000 (max. 8388607)
 61 named destinations out of 1000 (max. 500000)
 225 words of extra memory for PDF output out of 10000 (max. 10000000)

