\BOOKMARK [-1][-]{part.1}{I Introduzione}{}% 1
\BOOKMARK [0][-]{chapter*.2}{Per iniziare}{part.1}% 2
\BOOKMARK [0][-]{chapter*.3}{Ambiente e dungeon}{part.1}% 3
\BOOKMARK [1][-]{section.0.1}{Regole ambientali}{chapter*.3}% 4
\BOOKMARK [2][-]{subsection.0.1.1}{Acido}{section.0.1}% 5
\BOOKMARK [2][-]{subsection.0.1.2}{Acqua}{section.0.1}% 6
\BOOKMARK [3][-]{subsubsection.0.1.2.1}{Affogare}{subsection.0.1.2}% 7
\BOOKMARK [2][-]{subsection.0.1.3}{Caduta}{section.0.1}% 8
\BOOKMARK [2][-]{subsection.0.1.4}{Caldo}{section.0.1}% 9
\BOOKMARK [3][-]{subsubsection.0.1.4.1}{Prendere fuoco}{subsection.0.1.4}% 10
\BOOKMARK [3][-]{subsubsection.0.1.4.2}{Diffusione del fuoco}{subsection.0.1.4}% 11
\BOOKMARK [3][-]{subsubsection.0.1.4.3}{Incendi}{subsection.0.1.4}% 12
\BOOKMARK [3][-]{subsubsection.0.1.4.4}{Spegnere un fuoco}{subsection.0.1.4}% 13
\BOOKMARK [3][-]{subsubsection.0.1.4.5}{Fumo}{subsection.0.1.4}% 14
\BOOKMARK [3][-]{subsubsection.0.1.4.6}{Lava}{subsection.0.1.4}% 15
\BOOKMARK [2][-]{subsection.0.1.5}{Fame e sete}{section.0.1}% 16
\BOOKMARK [2][-]{subsection.0.1.6}{Freddo}{section.0.1}% 17
\BOOKMARK [3][-]{subsubsection.0.1.6.1}{Ghiaccio}{subsection.0.1.6}% 18
\BOOKMARK [2][-]{subsection.0.1.7}{Oscurit\340}{section.0.1}% 19
\BOOKMARK [2][-]{subsection.0.1.8}{Soffocamento}{section.0.1}% 20
\BOOKMARK [1][-]{section.0.2}{Dungeon}{chapter*.3}% 21
\BOOKMARK [-1][-]{part.2}{II La Storia}{}% 22
\BOOKMARK [0][-]{chapter.1}{Il Giudizio}{part.2}% 23
\BOOKMARK [1][-]{section.1.1}{Profili}{chapter.1}% 24
\BOOKMARK [2][-]{subsection.1.1.1}{Ulfgar}{section.1.1}% 25
\BOOKMARK [2][-]{subsection.1.1.2}{Capo della banda degli orchi}{section.1.1}% 26
\BOOKMARK [1][-]{section.1.2}{Quest secondarie}{chapter.1}% 27
\BOOKMARK [2][-]{subsection.1.2.1}{Pergamena delle celle}{section.1.2}% 28
